[0m16:15:04.678041 [debug] [MainThread]: Sending event: {'category': 'dbt', 'action': 'invocation', 'label': 'start', 'context': [<snowplow_tracker.self_describing_json.SelfDescribingJson object at 0x7f23ceb658e0>, <snowplow_tracker.self_describing_json.SelfDescribingJson object at 0x7f23cfefeae0>, <snowplow_tracker.self_describing_json.SelfDescribingJson object at 0x7f23ceb5cfb0>]}


============================== 16:15:04.745152 | 16b97c37-34db-4204-b3aa-81113504d654 ==============================
[0m16:15:04.745152 [info ] [MainThread]: Running with dbt=1.9.4
[0m16:15:04.745984 [debug] [MainThread]: running dbt with arguments {'printer_width': '80', 'indirect_selection': 'eager', 'write_json': 'True', 'log_cache_events': 'False', 'partial_parse': 'True', 'cache_selected_only': 'False', 'warn_error': 'None', 'fail_fast': 'False', 'debug': 'False', 'log_path': 'logs', 'profiles_dir': '/config/.dbt', 'version_check': 'True', 'use_colors': 'True', 'use_experimental_parser': 'False', 'no_print': 'None', 'quiet': 'False', 'empty': 'None', 'log_format': 'default', 'introspect': 'True', 'invocation_command': 'dbt init dbt_project', 'static_parser': 'True', 'target_path': 'None', 'warn_error_options': 'WarnErrorOptions(include=[], exclude=[])', 'send_anonymous_usage_stats': 'True'}
[0m16:15:04.814496 [warn ] [MainThread]: [ConfigFolderDirectory]: Unable to parse logging event dictionary. Failed to parse dir field: expected string or bytes-like object, got 'PosixPath'.. Dictionary: {'dir': PosixPath('/config/.dbt')}
[0m16:15:04.815155 [info ] [MainThread]: Creating dbt configuration folder at 
[0m16:15:04.817324 [debug] [MainThread]: Starter project path: /app/venv/lib/python3.12/site-packages/dbt/include/starter_project
[0m16:15:04.824989 [info ] [MainThread]: 
Your new dbt project "dbt_project" was created!

For more information on how to configure the profiles.yml file,
please consult the dbt documentation here:

  https://docs.getdbt.com/docs/configure-your-profile

One more thing:

Need help? Don't hesitate to reach out to us via GitHub issues or on Slack:

  https://community.getdbt.com/

Happy modeling!

[0m16:15:04.825620 [info ] [MainThread]: Setting up your profile.
[0m16:15:07.572878 [info ] [MainThread]: Profile dbt_project written to /config/.dbt/profiles.yml using target's sample configuration. Once updated, you'll be able to start developing with dbt.
[0m16:15:07.575118 [debug] [MainThread]: Resource report: {"command_name": "init", "command_success": true, "command_wall_clock_time": 2.9579184, "process_in_blocks": "114296", "process_kernel_time": 0.274319, "process_mem_max_rss": "121888", "process_out_blocks": "80", "process_user_time": 3.926975}
[0m16:15:07.575710 [debug] [MainThread]: Command `dbt init` succeeded at 16:15:07.575575 after 2.96 seconds
[0m16:15:07.576124 [debug] [MainThread]: Sending event: {'category': 'dbt', 'action': 'invocation', 'label': 'end', 'context': [<snowplow_tracker.self_describing_json.SelfDescribingJson object at 0x7f23ceb658e0>, <snowplow_tracker.self_describing_json.SelfDescribingJson object at 0x7f23ce97b470>, <snowplow_tracker.self_describing_json.SelfDescribingJson object at 0x7f23cf0abce0>]}
[0m16:15:07.576584 [debug] [MainThread]: Flushing usage events
[0m16:15:07.592387 [debug] [MainThread]: An error was encountered while trying to flush usage events
