[0m17:19:18.347880 [debug] [MainThread]: Sending event: {'category': 'dbt', 'action': 'invocation', 'label': 'start', 'context': [<snowplow_tracker.self_describing_json.SelfDescribingJson object at 0x7f7f0fb74590>, <snowplow_tracker.self_describing_json.SelfDescribingJson object at 0x7f7f0da3f2f0>, <snowplow_tracker.self_describing_json.SelfDescribingJson object at 0x7f7f0d929bb0>]}


============================== 17:19:18.351551 | 1e2c691f-2d78-407d-83d0-0d2d95bb0587 ==============================
[0m17:19:18.351551 [info ] [MainThread]: Running with dbt=1.9.4
[0m17:19:18.352257 [debug] [MainThread]: running dbt with arguments {'printer_width': '80', 'indirect_selection': 'eager', 'write_json': 'True', 'log_cache_events': 'False', 'partial_parse': 'True', 'cache_selected_only': 'False', 'profiles_dir': '/config/.dbt', 'fail_fast': 'False', 'debug': 'False', 'log_path': 'logs', 'warn_error': 'None', 'version_check': 'True', 'use_colors': 'True', 'use_experimental_parser': 'False', 'empty': 'False', 'quiet': 'False', 'no_print': 'None', 'warn_error_options': 'WarnErrorOptions(include=[], exclude=[])', 'static_parser': 'True', 'introspect': 'True', 'invocation_command': 'dbt run', 'target_path': 'None', 'log_format': 'default', 'send_anonymous_usage_stats': 'True'}
[0m17:19:18.352785 [error] [MainThread]: Encountered an error:
Runtime Error
  No dbt_project.yml found at expected path /config/workspace/dbt_postgres_project/dbt_project.yml
  Verify that each entry within packages.yml (and their transitive dependencies) contains a file named dbt_project.yml
  
[0m17:19:18.353772 [debug] [MainThread]: Resource report: {"command_name": "run", "command_success": false, "command_wall_clock_time": 0.0650019, "process_in_blocks": "0", "process_kernel_time": 0.112035, "process_mem_max_rss": "97232", "process_out_blocks": "8", "process_user_time": 1.61494}
[0m17:19:18.354284 [debug] [MainThread]: Command `dbt run` failed at 17:19:18.354154 after 0.07 seconds
[0m17:19:18.354719 [debug] [MainThread]: Sending event: {'category': 'dbt', 'action': 'invocation', 'label': 'end', 'context': [<snowplow_tracker.self_describing_json.SelfDescribingJson object at 0x7f7f0d3df3b0>, <snowplow_tracker.self_describing_json.SelfDescribingJson object at 0x7f7f0fb74590>, <snowplow_tracker.self_describing_json.SelfDescribingJson object at 0x7f7f0d7291f0>]}
[0m17:19:18.355200 [debug] [MainThread]: Flushing usage events
[0m17:19:18.368064 [debug] [MainThread]: An error was encountered while trying to flush usage events
[0m17:20:18.179654 [debug] [MainThread]: Sending event: {'category': 'dbt', 'action': 'invocation', 'label': 'start', 'context': [<snowplow_tracker.self_describing_json.SelfDescribingJson object at 0x7f6cf4bb0ef0>, <snowplow_tracker.self_describing_json.SelfDescribingJson object at 0x7f6cf4883bf0>, <snowplow_tracker.self_describing_json.SelfDescribingJson object at 0x7f6cf4d8a300>]}


============================== 17:20:18.183518 | 9bd31ea5-f9bb-4147-a2fa-9206450eda4d ==============================
[0m17:20:18.183518 [info ] [MainThread]: Running with dbt=1.9.4
[0m17:20:18.184284 [debug] [MainThread]: running dbt with arguments {'printer_width': '80', 'indirect_selection': 'eager', 'write_json': 'True', 'log_cache_events': 'False', 'partial_parse': 'True', 'cache_selected_only': 'False', 'profiles_dir': '/config/.dbt', 'version_check': 'True', 'fail_fast': 'False', 'log_path': 'logs', 'warn_error': 'None', 'debug': 'False', 'use_colors': 'True', 'use_experimental_parser': 'False', 'no_print': 'None', 'quiet': 'False', 'empty': 'None', 'warn_error_options': 'WarnErrorOptions(include=[], exclude=[])', 'invocation_command': 'dbt debug', 'introspect': 'True', 'static_parser': 'True', 'target_path': 'None', 'log_format': 'default', 'send_anonymous_usage_stats': 'True'}
[0m17:20:18.195009 [info ] [MainThread]: dbt version: 1.9.4
[0m17:20:18.195559 [info ] [MainThread]: python version: 3.12.3
[0m17:20:18.196021 [info ] [MainThread]: python path: /app/venv/bin/python
[0m17:20:18.196447 [info ] [MainThread]: os info: Linux-4.14.355-277.643.amzn2.x86_64-x86_64-with-glibc2.39
[0m17:20:18.317571 [info ] [MainThread]: Using profiles dir at /config/.dbt
[0m17:20:18.318194 [info ] [MainThread]: Using profiles.yml file at /config/.dbt/profiles.yml
[0m17:20:18.318696 [info ] [MainThread]: Using dbt_project.yml file at /config/workspace/dbt_postgres_project/dbt_project.yml
[0m17:20:18.322150 [info ] [MainThread]: adapter type: duckdb
[0m17:20:18.322646 [info ] [MainThread]: adapter version: 1.9.2
[0m17:20:18.323137 [info ] [MainThread]: Configuration:
[0m17:20:18.323636 [info ] [MainThread]:   profiles.yml file [[32mOK found and valid[0m]
[0m17:20:18.324081 [info ] [MainThread]:   dbt_project.yml file [[31mERROR not found[0m]
[0m17:20:18.324535 [info ] [MainThread]: Required dependencies:
[0m17:20:18.325054 [debug] [MainThread]: Executing "git --help"
[0m17:20:18.327202 [debug] [MainThread]: STDOUT: "b"usage: git [-v | --version] [-h | --help] [-C <path>] [-c <name>=<value>]\n           [--exec-path[=<path>]] [--html-path] [--man-path] [--info-path]\n           [-p | --paginate | -P | --no-pager] [--no-replace-objects] [--bare]\n           [--git-dir=<path>] [--work-tree=<path>] [--namespace=<name>]\n           [--config-env=<name>=<envvar>] <command> [<args>]\n\nThese are common Git commands used in various situations:\n\nstart a working area (see also: git help tutorial)\n   clone     Clone a repository into a new directory\n   init      Create an empty Git repository or reinitialize an existing one\n\nwork on the current change (see also: git help everyday)\n   add       Add file contents to the index\n   mv        Move or rename a file, a directory, or a symlink\n   restore   Restore working tree files\n   rm        Remove files from the working tree and from the index\n\nexamine the history and state (see also: git help revisions)\n   bisect    Use binary search to find the commit that introduced a bug\n   diff      Show changes between commits, commit and working tree, etc\n   grep      Print lines matching a pattern\n   log       Show commit logs\n   show      Show various types of objects\n   status    Show the working tree status\n\ngrow, mark and tweak your common history\n   branch    List, create, or delete branches\n   commit    Record changes to the repository\n   merge     Join two or more development histories together\n   rebase    Reapply commits on top of another base tip\n   reset     Reset current HEAD to the specified state\n   switch    Switch branches\n   tag       Create, list, delete or verify a tag object signed with GPG\n\ncollaborate (see also: git help workflows)\n   fetch     Download objects and refs from another repository\n   pull      Fetch from and integrate with another repository or a local branch\n   push      Update remote refs along with associated objects\n\n'git help -a' and 'git help -g' list available subcommands and some\nconcept guides. See 'git help <command>' or 'git help <concept>'\nto read about a specific subcommand or concept.\nSee 'git help git' for an overview of the system.\n""
[0m17:20:18.327645 [debug] [MainThread]: STDERR: "b''"
[0m17:20:18.328012 [info ] [MainThread]:  - git [[32mOK found[0m]

[0m17:20:18.328421 [info ] [MainThread]: Connection:
[0m17:20:18.328930 [info ] [MainThread]:   database: films_dwh
[0m17:20:18.329377 [info ] [MainThread]:   schema: main
[0m17:20:18.329797 [info ] [MainThread]:   path: /config/workspace/dbt_postgres_project/dbt/dbt_postgres/data/films_dwh.ddb
[0m17:20:18.330273 [info ] [MainThread]:   config_options: None
[0m17:20:18.330744 [info ] [MainThread]:   extensions: ['postgres']
[0m17:20:18.331163 [info ] [MainThread]:   settings: {}
[0m17:20:18.331565 [info ] [MainThread]:   external_root: .
[0m17:20:18.331968 [info ] [MainThread]:   use_credential_provider: None
[0m17:20:18.332369 [info ] [MainThread]:   attach: None
[0m17:20:18.332769 [info ] [MainThread]:   filesystems: None
[0m17:20:18.333170 [info ] [MainThread]:   remote: None
[0m17:20:18.333585 [info ] [MainThread]:   plugins: None
[0m17:20:18.333996 [info ] [MainThread]:   disable_transactions: False
[0m17:20:18.334691 [info ] [MainThread]: Registered adapter: duckdb=1.9.2
[0m17:20:18.419969 [debug] [MainThread]: Acquiring new duckdb connection 'debug'
[0m17:20:18.467990 [debug] [MainThread]: Using duckdb connection "debug"
[0m17:20:18.468517 [debug] [MainThread]: On debug: select 1 as id
[0m17:20:18.468917 [debug] [MainThread]: Opening a new connection, currently in state init
[0m17:20:18.733565 [debug] [MainThread]: SQL status: OK in 0.265 seconds
[0m17:20:18.734892 [debug] [MainThread]: On debug: Close
[0m17:20:18.735524 [info ] [MainThread]:   Connection test: [[32mOK connection ok[0m]

[0m17:20:18.736021 [info ] [MainThread]: [31m1 check failed:[0m
[0m17:20:18.736494 [info ] [MainThread]: Project loading failed for the following reason:
 project path </config/workspace/dbt_postgres_project/dbt_project.yml> not found

[0m17:20:18.737521 [debug] [MainThread]: Resource report: {"command_name": "debug", "command_success": false, "command_wall_clock_time": 0.61681116, "process_in_blocks": "0", "process_kernel_time": 0.176283, "process_mem_max_rss": "144080", "process_out_blocks": "24", "process_user_time": 2.349045}
[0m17:20:18.738039 [debug] [MainThread]: Command `dbt debug` failed at 17:20:18.737913 after 0.62 seconds
[0m17:20:18.738433 [debug] [MainThread]: Connection 'debug' was properly closed.
[0m17:20:18.738909 [debug] [MainThread]: Sending event: {'category': 'dbt', 'action': 'invocation', 'label': 'end', 'context': [<snowplow_tracker.self_describing_json.SelfDescribingJson object at 0x7f6cf4881a00>, <snowplow_tracker.self_describing_json.SelfDescribingJson object at 0x7f6cf4d3cfb0>, <snowplow_tracker.self_describing_json.SelfDescribingJson object at 0x7f6cf47a7020>]}
[0m17:20:18.739397 [debug] [MainThread]: Flushing usage events
[0m17:20:18.751174 [debug] [MainThread]: An error was encountered while trying to flush usage events
[0m17:21:10.248359 [debug] [MainThread]: Sending event: {'category': 'dbt', 'action': 'invocation', 'label': 'start', 'context': [<snowplow_tracker.self_describing_json.SelfDescribingJson object at 0x7ff18fe8b7d0>, <snowplow_tracker.self_describing_json.SelfDescribingJson object at 0x7ff1904c7b00>, <snowplow_tracker.self_describing_json.SelfDescribingJson object at 0x7ff18fe8b860>]}


============================== 17:21:10.252185 | 2adba545-00a0-4dbf-a9b8-c54919265fa3 ==============================
[0m17:21:10.252185 [info ] [MainThread]: Running with dbt=1.9.4
[0m17:21:10.252944 [debug] [MainThread]: running dbt with arguments {'printer_width': '80', 'indirect_selection': 'eager', 'write_json': 'True', 'log_cache_events': 'False', 'partial_parse': 'True', 'cache_selected_only': 'False', 'profiles_dir': '/config/.dbt', 'fail_fast': 'False', 'warn_error': 'None', 'log_path': 'logs', 'version_check': 'True', 'debug': 'False', 'use_colors': 'True', 'use_experimental_parser': 'False', 'empty': 'None', 'quiet': 'False', 'no_print': 'None', 'warn_error_options': 'WarnErrorOptions(include=[], exclude=[])', 'invocation_command': 'dbt debug', 'log_format': 'default', 'static_parser': 'True', 'target_path': 'None', 'introspect': 'True', 'send_anonymous_usage_stats': 'True'}
[0m17:21:10.263815 [info ] [MainThread]: dbt version: 1.9.4
[0m17:21:10.264353 [info ] [MainThread]: python version: 3.12.3
[0m17:21:10.264801 [info ] [MainThread]: python path: /app/venv/bin/python
[0m17:21:10.265219 [info ] [MainThread]: os info: Linux-4.14.355-277.643.amzn2.x86_64-x86_64-with-glibc2.39
[0m17:21:10.387791 [info ] [MainThread]: Using profiles dir at /config/.dbt
[0m17:21:10.388401 [info ] [MainThread]: Using profiles.yml file at /config/.dbt/profiles.yml
[0m17:21:10.388868 [info ] [MainThread]: Using dbt_project.yml file at /config/workspace/dbt_postgres_project/dbt_project.yml
[0m17:21:10.392372 [info ] [MainThread]: adapter type: duckdb
[0m17:21:10.392839 [info ] [MainThread]: adapter version: 1.9.2
[0m17:21:10.393370 [info ] [MainThread]: Configuration:
[0m17:21:10.393778 [info ] [MainThread]:   profiles.yml file [[32mOK found and valid[0m]
[0m17:21:10.394227 [info ] [MainThread]:   dbt_project.yml file [[31mERROR not found[0m]
[0m17:21:10.394722 [info ] [MainThread]: Required dependencies:
[0m17:21:10.395244 [debug] [MainThread]: Executing "git --help"
[0m17:21:10.397229 [debug] [MainThread]: STDOUT: "b"usage: git [-v | --version] [-h | --help] [-C <path>] [-c <name>=<value>]\n           [--exec-path[=<path>]] [--html-path] [--man-path] [--info-path]\n           [-p | --paginate | -P | --no-pager] [--no-replace-objects] [--bare]\n           [--git-dir=<path>] [--work-tree=<path>] [--namespace=<name>]\n           [--config-env=<name>=<envvar>] <command> [<args>]\n\nThese are common Git commands used in various situations:\n\nstart a working area (see also: git help tutorial)\n   clone     Clone a repository into a new directory\n   init      Create an empty Git repository or reinitialize an existing one\n\nwork on the current change (see also: git help everyday)\n   add       Add file contents to the index\n   mv        Move or rename a file, a directory, or a symlink\n   restore   Restore working tree files\n   rm        Remove files from the working tree and from the index\n\nexamine the history and state (see also: git help revisions)\n   bisect    Use binary search to find the commit that introduced a bug\n   diff      Show changes between commits, commit and working tree, etc\n   grep      Print lines matching a pattern\n   log       Show commit logs\n   show      Show various types of objects\n   status    Show the working tree status\n\ngrow, mark and tweak your common history\n   branch    List, create, or delete branches\n   commit    Record changes to the repository\n   merge     Join two or more development histories together\n   rebase    Reapply commits on top of another base tip\n   reset     Reset current HEAD to the specified state\n   switch    Switch branches\n   tag       Create, list, delete or verify a tag object signed with GPG\n\ncollaborate (see also: git help workflows)\n   fetch     Download objects and refs from another repository\n   pull      Fetch from and integrate with another repository or a local branch\n   push      Update remote refs along with associated objects\n\n'git help -a' and 'git help -g' list available subcommands and some\nconcept guides. See 'git help <command>' or 'git help <concept>'\nto read about a specific subcommand or concept.\nSee 'git help git' for an overview of the system.\n""
[0m17:21:10.397662 [debug] [MainThread]: STDERR: "b''"
[0m17:21:10.398022 [info ] [MainThread]:  - git [[32mOK found[0m]

[0m17:21:10.398472 [info ] [MainThread]: Connection:
[0m17:21:10.399024 [info ] [MainThread]:   database: films_dwh
[0m17:21:10.399513 [info ] [MainThread]:   schema: main
[0m17:21:10.399992 [info ] [MainThread]:   path: /config/workspace/dbt_postgres_project/dbt/dbt_postgres/data/films_dwh.ddb
[0m17:21:10.400456 [info ] [MainThread]:   config_options: None
[0m17:21:10.400949 [info ] [MainThread]:   extensions: ['postgres']
[0m17:21:10.401398 [info ] [MainThread]:   settings: {}
[0m17:21:10.401806 [info ] [MainThread]:   external_root: .
[0m17:21:10.402208 [info ] [MainThread]:   use_credential_provider: None
[0m17:21:10.402628 [info ] [MainThread]:   attach: None
[0m17:21:10.403060 [info ] [MainThread]:   filesystems: None
[0m17:21:10.403535 [info ] [MainThread]:   remote: None
[0m17:21:10.403948 [info ] [MainThread]:   plugins: None
[0m17:21:10.404408 [info ] [MainThread]:   disable_transactions: False
[0m17:21:10.405063 [info ] [MainThread]: Registered adapter: duckdb=1.9.2
[0m17:21:10.489873 [debug] [MainThread]: Acquiring new duckdb connection 'debug'
[0m17:21:10.536986 [debug] [MainThread]: Using duckdb connection "debug"
[0m17:21:10.537706 [debug] [MainThread]: On debug: select 1 as id
[0m17:21:10.538280 [debug] [MainThread]: Opening a new connection, currently in state init
[0m17:21:10.803102 [debug] [MainThread]: SQL status: OK in 0.265 seconds
[0m17:21:10.804369 [debug] [MainThread]: On debug: Close
[0m17:21:10.804952 [info ] [MainThread]:   Connection test: [[32mOK connection ok[0m]

[0m17:21:10.805416 [info ] [MainThread]: [31m1 check failed:[0m
[0m17:21:10.805862 [info ] [MainThread]: Project loading failed for the following reason:
 project path </config/workspace/dbt_postgres_project/dbt_project.yml> not found

[0m17:21:10.806928 [debug] [MainThread]: Resource report: {"command_name": "debug", "command_success": false, "command_wall_clock_time": 0.61738825, "process_in_blocks": "0", "process_kernel_time": 0.195023, "process_mem_max_rss": "144236", "process_out_blocks": "24", "process_user_time": 2.320617}
[0m17:21:10.807442 [debug] [MainThread]: Command `dbt debug` failed at 17:21:10.807319 after 0.62 seconds
[0m17:21:10.807835 [debug] [MainThread]: Connection 'debug' was properly closed.
[0m17:21:10.808239 [debug] [MainThread]: Sending event: {'category': 'dbt', 'action': 'invocation', 'label': 'end', 'context': [<snowplow_tracker.self_describing_json.SelfDescribingJson object at 0x7ff190423620>, <snowplow_tracker.self_describing_json.SelfDescribingJson object at 0x7ff190741670>, <snowplow_tracker.self_describing_json.SelfDescribingJson object at 0x7ff190d3da90>]}
[0m17:21:10.808707 [debug] [MainThread]: Flushing usage events
[0m17:21:10.821306 [debug] [MainThread]: An error was encountered while trying to flush usage events
[0m15:00:37.394917 [debug] [MainThread]: Sending event: {'category': 'dbt', 'action': 'invocation', 'label': 'start', 'context': [<snowplow_tracker.self_describing_json.SelfDescribingJson object at 0x7f0e7ab92c60>, <snowplow_tracker.self_describing_json.SelfDescribingJson object at 0x7f0e7a9e0b90>, <snowplow_tracker.self_describing_json.SelfDescribingJson object at 0x7f0e7ab90e60>]}


============================== 15:00:37.399796 | a46238fa-6f46-4b94-a8e3-f9e44b231963 ==============================
[0m15:00:37.399796 [info ] [MainThread]: Running with dbt=1.9.4
[0m15:00:37.400622 [debug] [MainThread]: running dbt with arguments {'printer_width': '80', 'indirect_selection': 'eager', 'log_cache_events': 'False', 'write_json': 'True', 'partial_parse': 'True', 'cache_selected_only': 'False', 'warn_error': 'None', 'debug': 'False', 'profiles_dir': '/config/.dbt', 'log_path': 'logs', 'fail_fast': 'False', 'version_check': 'True', 'use_colors': 'True', 'use_experimental_parser': 'False', 'empty': 'None', 'quiet': 'False', 'no_print': 'None', 'warn_error_options': 'WarnErrorOptions(include=[], exclude=[])', 'static_parser': 'True', 'introspect': 'True', 'invocation_command': 'dbt docs generate', 'target_path': 'None', 'log_format': 'default', 'send_anonymous_usage_stats': 'True'}
[0m15:00:37.401196 [error] [MainThread]: Encountered an error:
Runtime Error
  No dbt_project.yml found at expected path /config/workspace/dbt_postgres_project/dbt_project.yml
  Verify that each entry within packages.yml (and their transitive dependencies) contains a file named dbt_project.yml
  
[0m15:00:37.402443 [debug] [MainThread]: Resource report: {"command_name": "generate", "command_success": false, "command_wall_clock_time": 0.0673066, "process_in_blocks": "8", "process_kernel_time": 0.111542, "process_mem_max_rss": "97296", "process_out_blocks": "8", "process_user_time": 1.638017}
[0m15:00:37.403188 [debug] [MainThread]: Command `dbt docs generate` failed at 15:00:37.403010 after 0.07 seconds
[0m15:00:37.403800 [debug] [MainThread]: Sending event: {'category': 'dbt', 'action': 'invocation', 'label': 'end', 'context': [<snowplow_tracker.self_describing_json.SelfDescribingJson object at 0x7f0e7af6b080>, <snowplow_tracker.self_describing_json.SelfDescribingJson object at 0x7f0e7e91f140>, <snowplow_tracker.self_describing_json.SelfDescribingJson object at 0x7f0e7e91f170>]}
[0m15:00:37.404456 [debug] [MainThread]: Flushing usage events
[0m15:00:37.418105 [debug] [MainThread]: An error was encountered while trying to flush usage events
[0m15:00:53.641562 [debug] [MainThread]: Sending event: {'category': 'dbt', 'action': 'invocation', 'label': 'start', 'context': [<snowplow_tracker.self_describing_json.SelfDescribingJson object at 0x7f5c57d3a2a0>, <snowplow_tracker.self_describing_json.SelfDescribingJson object at 0x7f5c57d39fd0>, <snowplow_tracker.self_describing_json.SelfDescribingJson object at 0x7f5c57d393d0>]}


============================== 15:00:53.645442 | 2b8f2e8f-c625-44b6-ad74-2c142bff4b02 ==============================
[0m15:00:53.645442 [info ] [MainThread]: Running with dbt=1.9.4
[0m15:00:53.646194 [debug] [MainThread]: running dbt with arguments {'printer_width': '80', 'indirect_selection': 'eager', 'write_json': 'True', 'log_cache_events': 'False', 'partial_parse': 'True', 'cache_selected_only': 'False', 'warn_error': 'None', 'fail_fast': 'False', 'debug': 'False', 'log_path': 'logs', 'version_check': 'True', 'profiles_dir': '/config/.dbt', 'use_colors': 'True', 'use_experimental_parser': 'False', 'no_print': 'None', 'quiet': 'False', 'empty': 'None', 'warn_error_options': 'WarnErrorOptions(include=[], exclude=[])', 'introspect': 'True', 'log_format': 'default', 'invocation_command': 'dbt docs serve', 'target_path': 'None', 'static_parser': 'True', 'send_anonymous_usage_stats': 'True'}
[0m15:00:53.646744 [error] [MainThread]: Encountered an error:
Runtime Error
  No dbt_project.yml found at expected path /config/workspace/dbt_postgres_project/dbt_project.yml
  Verify that each entry within packages.yml (and their transitive dependencies) contains a file named dbt_project.yml
  
[0m15:00:53.647927 [debug] [MainThread]: Resource report: {"command_name": "serve", "command_success": false, "command_wall_clock_time": 0.06614926, "process_in_blocks": "0", "process_kernel_time": 0.099822, "process_mem_max_rss": "97028", "process_out_blocks": "16", "process_user_time": 1.642153}
[0m15:00:53.648523 [debug] [MainThread]: Command `dbt docs serve` failed at 15:00:53.648395 after 0.07 seconds
[0m15:00:53.648953 [debug] [MainThread]: Sending event: {'category': 'dbt', 'action': 'invocation', 'label': 'end', 'context': [<snowplow_tracker.self_describing_json.SelfDescribingJson object at 0x7f5c56f67d10>, <snowplow_tracker.self_describing_json.SelfDescribingJson object at 0x7f5c57d393d0>, <snowplow_tracker.self_describing_json.SelfDescribingJson object at 0x7f5c575e0890>]}
[0m15:00:53.649440 [debug] [MainThread]: Flushing usage events
[0m15:00:53.662439 [debug] [MainThread]: An error was encountered while trying to flush usage events
